{"level":"info","message":"Hello from acquisitions!","service":"acquisitions-api"}
{"level":"info","service":"acquisitions-api"}
{"level":"info","service":"acquisitions-api"}
{"level":"info","message":"Hello from acquisitions!","service":"acquisitions-api"}
{"level":"info","service":"acquisitions-api"}
{"level":"info","message":"Hello from acquisitions!","service":"acquisitions-api"}
{"level":"info","service":"acquisitions-api"}
{"level":"info","service":"acquisitions-api"}
{"level":"info","message":"Hello from acquisitions!","service":"acquisitions-api"}
{"level":"info","service":"acquisitions-api"}
{"level":"info","service":"acquisitions-api"}
{"level":"info","service":"acquisitions-api"}
{"level":"info","service":"acquisitions-api"}
{"level":"info","service":"acquisitions-api"}
{"level":"info","message":"Hello from acquisitions!","service":"acquisitions-api"}
{"level":"info","service":"acquisitions-api"}
{"level":"info","service":"acquisitions-api"}
{"level":"info","service":"acquisitions-api"}
{"level":"info","service":"acquisitions-api"}
{"level":"info","message":"Hello from acquisitions!","service":"acquisitions-api"}
{"level":"info","service":"acquisitions-api"}
{"level":"info","service":"acquisitions-api"}
{"level":"info","message":"Hello from acquisitions!","service":"acquisitions-api"}
{"level":"info","service":"acquisitions-api"}
{"level":"info","service":"acquisitions-api"}
{"level":"info","service":"acquisitions-api"}
{"level":"info","service":"acquisitions-api"}
{"level":"info","service":"acquisitions-api"}
{"level":"info","service":"acquisitions-api"}
{"level":"info","service":"acquisitions-api"}
{"level":"info","service":"acquisitions-api"}
{"level":"info","service":"acquisitions-api"}
{"level":"info","service":"acquisitions-api"}
{"level":"info","service":"acquisitions-api"}
{"level":"info","service":"acquisitions-api"}
{"level":"info","service":"acquisitions-api"}
{"level":"info","service":"acquisitions-api"}
{"level":"info","service":"acquisitions-api"}
{"level":"info","service":"acquisitions-api"}
{"level":"info","service":"acquisitions-api"}
{"level":"info","service":"acquisitions-api"}
{"level":"info","service":"acquisitions-api"}
{"level":"info","service":"acquisitions-api"}
{"level":"info","service":"acquisitions-api"}
{"level":"info","service":"acquisitions-api"}
{"level":"info","service":"acquisitions-api"}
{"level":"info","service":"acquisitions-api"}
{"level":"info","service":"acquisitions-api"}
{"level":"info","service":"acquisitions-api"}
{"level":"info","service":"acquisitions-api"}
{"level":"info","service":"acquisitions-api"}
{"level":"info","service":"acquisitions-api"}
{"level":"info","service":"acquisitions-api"}
{"level":"info","service":"acquisitions-api"}
{"level":"info","service":"acquisitions-api"}
{"level":"info","service":"acquisitions-api"}
{"level":"info","service":"acquisitions-api"}
{"level":"info","service":"acquisitions-api"}
{"level":"info","service":"acquisitions-api"}
{"level":"info","service":"acquisitions-api"}
{"level":"info","service":"acquisitions-api"}
{"level":"info","service":"acquisitions-api"}
{"level":"info","service":"acquisitions-api"}
{"level":"info","service":"acquisitions-api"}
{"level":"info","service":"acquisitions-api"}
{"level":"info","service":"acquisitions-api"}
{"level":"info","service":"acquisitions-api"}
{"level":"info","service":"acquisitions-api"}
{"level":"info","service":"acquisitions-api"}
{"level":"info","message":"Hello from acquisitions!","service":"acquisitions-api"}
{"level":"info","service":"acquisitions-api"}
{"level":"info","service":"acquisitions-api"}
{"level":"info","service":"acquisitions-api"}
{"level":"info","service":"acquisitions-api"}
{"level":"info","service":"acquisitions-api"}
{"level":"info","service":"acquisitions-api"}
{"level":"info","service":"acquisitions-api"}
{"level":"info","message":"::1 - - [02/Dec/2025:20:42:09 +0000] \"POST /api/auth/sign-up HTTP/1.1\" 400 64 \"-\" \"HTTPie\"","service":"acquisitions-api","timestamp":"2025-12-02T20:42:09.841Z"}
{"level":"info","message":"::1 - - [02/Dec/2025:20:42:10 +0000] \"POST /api/auth/sign-up HTTP/1.1\" 400 64 \"-\" \"HTTPie\"","service":"acquisitions-api","timestamp":"2025-12-02T20:42:10.934Z"}
{"level":"info","message":"::1 - - [02/Dec/2025:20:42:11 +0000] \"POST /api/auth/sign-up HTTP/1.1\" 400 64 \"-\" \"HTTPie\"","service":"acquisitions-api","timestamp":"2025-12-02T20:42:11.852Z"}
{"level":"info","message":"::1 - - [02/Dec/2025:20:46:13 +0000] \"POST /api/auth/sign-up HTTP/1.1\" 400 64 \"-\" \"HTTPie\"","service":"acquisitions-api","timestamp":"2025-12-02T20:46:13.268Z"}
{"level":"info","message":"::1 - - [02/Dec/2025:20:46:14 +0000] \"POST /api/auth/sign-up HTTP/1.1\" 400 64 \"-\" \"HTTPie\"","service":"acquisitions-api","timestamp":"2025-12-02T20:46:14.572Z"}
{"level":"info","message":"user registered successfully: abhi@gmail.com","service":"acquisitions-api","timestamp":"2025-12-02T20:53:38.969Z"}
{"level":"info","message":"::1 - - [02/Dec/2025:20:53:38 +0000] \"POST /api/auth/sign-up HTTP/1.1\" 201 111 \"-\" \"HTTPie\"","service":"acquisitions-api","timestamp":"2025-12-02T20:53:38.988Z"}
{"level":"info","message":"user registered successfully: abhi@gmail.com","service":"acquisitions-api","timestamp":"2025-12-02T20:53:41.056Z"}
{"level":"info","message":"::1 - - [02/Dec/2025:20:53:41 +0000] \"POST /api/auth/sign-up HTTP/1.1\" 201 111 \"-\" \"HTTPie\"","service":"acquisitions-api","timestamp":"2025-12-02T20:53:41.060Z"}
{"level":"info","message":"user registered successfully: abhi@gmail.com","service":"acquisitions-api","timestamp":"2025-12-03T01:45:06.549Z"}
{"level":"info","message":"::1 - - [03/Dec/2025:01:45:06 +0000] \"POST /api/auth/sign-up HTTP/1.1\" 201 111 \"-\" \"HTTPie\"","service":"acquisitions-api","timestamp":"2025-12-03T01:45:06.560Z"}
{"level":"info","message":"::1 - - [03/Dec/2025:01:50:21 +0000] \"POST /api/auth/sign-up HTTP/1.1\" 400 145 \"-\" \"HTTPie\"","service":"acquisitions-api","timestamp":"2025-12-03T01:50:21.462Z"}
{"level":"error","message":"Signup Error password is not defined","service":"acquisitions-api","stack":"ReferenceError: password is not defined\n    at signup (file:///D:/docker_course/acquisitions/acquisitions/src/controllers/auth.controller.js:24:50)\n    at Layer.handleRequest (D:\\docker_course\\acquisitions\\acquisitions\\node_modules\\router\\lib\\layer.js:152:17)\n    at next (D:\\docker_course\\acquisitions\\acquisitions\\node_modules\\router\\lib\\route.js:157:13)\n    at Route.dispatch (D:\\docker_course\\acquisitions\\acquisitions\\node_modules\\router\\lib\\route.js:117:3)\n    at handle (D:\\docker_course\\acquisitions\\acquisitions\\node_modules\\router\\index.js:435:11)\n    at Layer.handleRequest (D:\\docker_course\\acquisitions\\acquisitions\\node_modules\\router\\lib\\layer.js:152:17)\n    at D:\\docker_course\\acquisitions\\acquisitions\\node_modules\\router\\index.js:295:15\n    at processParams (D:\\docker_course\\acquisitions\\acquisitions\\node_modules\\router\\index.js:582:12)\n    at next (D:\\docker_course\\acquisitions\\acquisitions\\node_modules\\router\\index.js:291:5)\n    at router.handle (D:\\docker_course\\acquisitions\\acquisitions\\node_modules\\router\\index.js:186:3)","timestamp":"2025-12-03T03:00:57.846Z"}
{"level":"info","message":"::1 - - [03/Dec/2025:03:00:57 +0000] \"POST /api/auth/sign-up HTTP/1.1\" 500 1307 \"-\" \"HTTPie\"","service":"acquisitions-api","timestamp":"2025-12-03T03:00:57.859Z"}
{"level":"error","message":"Signup Error password is not defined","service":"acquisitions-api","stack":"ReferenceError: password is not defined\n    at signup (file:///D:/docker_course/acquisitions/acquisitions/src/controllers/auth.controller.js:24:50)\n    at Layer.handleRequest (D:\\docker_course\\acquisitions\\acquisitions\\node_modules\\router\\lib\\layer.js:152:17)\n    at next (D:\\docker_course\\acquisitions\\acquisitions\\node_modules\\router\\lib\\route.js:157:13)\n    at Route.dispatch (D:\\docker_course\\acquisitions\\acquisitions\\node_modules\\router\\lib\\route.js:117:3)\n    at handle (D:\\docker_course\\acquisitions\\acquisitions\\node_modules\\router\\index.js:435:11)\n    at Layer.handleRequest (D:\\docker_course\\acquisitions\\acquisitions\\node_modules\\router\\lib\\layer.js:152:17)\n    at D:\\docker_course\\acquisitions\\acquisitions\\node_modules\\router\\index.js:295:15\n    at processParams (D:\\docker_course\\acquisitions\\acquisitions\\node_modules\\router\\index.js:582:12)\n    at next (D:\\docker_course\\acquisitions\\acquisitions\\node_modules\\router\\index.js:291:5)\n    at router.handle (D:\\docker_course\\acquisitions\\acquisitions\\node_modules\\router\\index.js:186:3)","timestamp":"2025-12-03T03:01:00.454Z"}
{"level":"info","message":"::1 - - [03/Dec/2025:03:01:00 +0000] \"POST /api/auth/sign-up HTTP/1.1\" 500 1307 \"-\" \"HTTPie\"","service":"acquisitions-api","timestamp":"2025-12-03T03:01:00.466Z"}
{"level":"info","message":"user created successfully: abhi@gmail.me","service":"acquisitions-api","timestamp":"2025-12-03T03:02:58.125Z"}
{"level":"info","message":"user registered successfully: abhi@gmail.me","service":"acquisitions-api","timestamp":"2025-12-03T03:02:58.134Z"}
{"level":"info","message":"::1 - - [03/Dec/2025:03:02:58 +0000] \"POST /api/auth/sign-up HTTP/1.1\" 201 111 \"-\" \"HTTPie\"","service":"acquisitions-api","timestamp":"2025-12-03T03:02:58.143Z"}
{"level":"error","message":"Error creating in user: Error: User already exists","service":"acquisitions-api","timestamp":"2025-12-03T03:03:14.817Z"}
{"level":"error","message":"Signup Error User already exists","service":"acquisitions-api","stack":"Error: User already exists\n    at createUser (file:///D:/docker_course/acquisitions/acquisitions/src/services/auth.service.js:24:40)\n    at process.processTicksAndRejections (node:internal/process/task_queues:103:5)\n    at async signup (file:///D:/docker_course/acquisitions/acquisitions/src/controllers/auth.controller.js:24:18)","timestamp":"2025-12-03T03:03:14.818Z"}
{"level":"info","message":"::1 - - [03/Dec/2025:03:03:14 +0000] \"POST /api/auth/sign-up HTTP/1.1\" 500 495 \"-\" \"HTTPie\"","service":"acquisitions-api","timestamp":"2025-12-03T03:03:14.823Z"}
{"level":"error","message":"Error creating in user: Error: User already exists","service":"acquisitions-api","timestamp":"2025-12-03T03:03:36.998Z"}
{"level":"error","message":"Signup Error User already exists","service":"acquisitions-api","stack":"Error: User already exists\n    at createUser (file:///D:/docker_course/acquisitions/acquisitions/src/services/auth.service.js:24:40)\n    at process.processTicksAndRejections (node:internal/process/task_queues:103:5)\n    at async signup (file:///D:/docker_course/acquisitions/acquisitions/src/controllers/auth.controller.js:24:18)","timestamp":"2025-12-03T03:03:36.999Z"}
{"level":"info","message":"::1 - - [03/Dec/2025:03:03:37 +0000] \"POST /api/auth/sign-up HTTP/1.1\" 500 495 \"-\" \"HTTPie\"","service":"acquisitions-api","timestamp":"2025-12-03T03:03:37.001Z"}
{"level":"error","message":"Error creating in user: Error: User already exists","service":"acquisitions-api","timestamp":"2025-12-03T03:03:40.952Z"}
{"level":"error","message":"Signup Error User already exists","service":"acquisitions-api","stack":"Error: User already exists\n    at createUser (file:///D:/docker_course/acquisitions/acquisitions/src/services/auth.service.js:24:40)\n    at process.processTicksAndRejections (node:internal/process/task_queues:103:5)\n    at async signup (file:///D:/docker_course/acquisitions/acquisitions/src/controllers/auth.controller.js:24:18)","timestamp":"2025-12-03T03:03:40.953Z"}
{"level":"info","message":"::1 - - [03/Dec/2025:03:03:40 +0000] \"POST /api/auth/sign-up HTTP/1.1\" 500 495 \"-\" \"HTTPie\"","service":"acquisitions-api","timestamp":"2025-12-03T03:03:40.955Z"}
{"level":"info","message":"user created successfully: ankush@gmail.me","service":"acquisitions-api","timestamp":"2025-12-03T03:03:57.073Z"}
{"level":"info","message":"user registered successfully: ankush@gmail.me","service":"acquisitions-api","timestamp":"2025-12-03T03:03:57.074Z"}
{"level":"info","message":"::1 - - [03/Dec/2025:03:03:57 +0000] \"POST /api/auth/sign-up HTTP/1.1\" 201 114 \"-\" \"HTTPie\"","service":"acquisitions-api","timestamp":"2025-12-03T03:03:57.076Z"}
{"level":"error","message":"Error creating in user: Error: User already exists","service":"acquisitions-api","timestamp":"2025-12-03T03:19:13.054Z"}
{"level":"error","message":"Signup Error User already exists","service":"acquisitions-api","stack":"Error: User already exists\n    at createUser (file:///D:/docker_course/acquisitions/acquisitions/src/services/auth.service.js:24:40)\n    at process.processTicksAndRejections (node:internal/process/task_queues:103:5)\n    at async signup (file:///D:/docker_course/acquisitions/acquisitions/src/controllers/auth.controller.js:24:18)","timestamp":"2025-12-03T03:19:13.055Z"}
{"level":"info","message":"::1 - - [03/Dec/2025:03:19:13 +0000] \"POST /api/auth/sign-up HTTP/1.1\" 500 495 \"-\" \"HTTPie\"","service":"acquisitions-api","timestamp":"2025-12-03T03:19:13.058Z"}
{"level":"info","message":"user authenticated successfully: ankush@gmail.me","service":"acquisitions-api","timestamp":"2025-12-03T04:03:04.598Z"}
{"level":"info","message":"user signed in successfully: ankush@gmail.me","service":"acquisitions-api","timestamp":"2025-12-03T04:03:04.612Z"}
{"level":"info","message":"::1 - - [03/Dec/2025:04:03:04 +0000] \"POST /api/auth/sign-in HTTP/1.1\" 200 113 \"-\" \"HTTPie\"","service":"acquisitions-api","timestamp":"2025-12-03T04:03:04.621Z"}
{"level":"info","message":"user authenticated successfully: abhi@gmail.me","service":"acquisitions-api","timestamp":"2025-12-03T04:03:24.387Z"}
{"level":"info","message":"user signed in successfully: abhi@gmail.me","service":"acquisitions-api","timestamp":"2025-12-03T04:03:24.389Z"}
{"level":"info","message":"::1 - - [03/Dec/2025:04:03:24 +0000] \"POST /api/auth/sign-in HTTP/1.1\" 200 110 \"-\" \"HTTPie\"","service":"acquisitions-api","timestamp":"2025-12-03T04:03:24.392Z"}
{"level":"info","message":"user authenticated successfully: abhi@gmail.me","service":"acquisitions-api","timestamp":"2025-12-03T18:47:36.151Z"}
{"level":"info","message":"user signed in successfully: abhi@gmail.me","service":"acquisitions-api","timestamp":"2025-12-03T18:47:36.179Z"}
{"level":"info","message":"::1 - - [03/Dec/2025:18:47:36 +0000] \"POST /api/auth/sign-in HTTP/1.1\" 200 110 \"-\" \"HTTPie\"","service":"acquisitions-api","timestamp":"2025-12-03T18:47:36.192Z"}
{"level":"info","message":"user authenticated successfully: ankush@gmail.me","service":"acquisitions-api","timestamp":"2025-12-03T18:47:52.979Z"}
{"level":"info","message":"user signed in successfully: ankush@gmail.me","service":"acquisitions-api","timestamp":"2025-12-03T18:47:52.982Z"}
{"level":"info","message":"::1 - - [03/Dec/2025:18:47:52 +0000] \"POST /api/auth/sign-in HTTP/1.1\" 200 113 \"-\" \"HTTPie\"","service":"acquisitions-api","timestamp":"2025-12-03T18:47:52.987Z"}
{"level":"info","message":"user signed out successfully","service":"acquisitions-api","timestamp":"2025-12-03T18:48:25.065Z"}
{"level":"info","message":"::1 - - [03/Dec/2025:18:48:25 +0000] \"POST /api/auth/sign-out HTTP/1.1\" 200 42 \"-\" \"HTTPie\"","service":"acquisitions-api","timestamp":"2025-12-03T18:48:25.071Z"}
{"level":"info","message":"user signed out successfully","service":"acquisitions-api","timestamp":"2025-12-03T18:48:26.078Z"}
{"level":"info","message":"::1 - - [03/Dec/2025:18:48:26 +0000] \"POST /api/auth/sign-out HTTP/1.1\" 200 42 \"-\" \"HTTPie\"","service":"acquisitions-api","timestamp":"2025-12-03T18:48:26.080Z"}
